{"failedCount":1,"prefixedPath":"src\/test\/java\/wu.feature","packageQualifiedName":"src.test.java.wu","loopIndex":-1,"relativePath":"src\/test\/java\/wu.feature","scenarioResults":[{"sectionIndex":0,"stepResults":[{"result":{"nanos":56972300,"millis":56.9723,"status":"passed"},"step":{"background":true,"line":3,"prefix":"*","index":0,"text":"url '\/\/restful-booker.herokuapp.com'"}},{"result":{"nanos":509300,"millis":0.5093,"status":"passed"},"step":{"line":6,"prefix":"Given","index":0,"text":"path '\/auth'"}},{"result":{"nanos":35719900,"millis":35.7199,"status":"passed"},"step":{"line":7,"prefix":"And","index":1,"text":"request {\"username\" : \"admin\",\"password\" : \"password123\"}"}},{"result":{"nanos":632800,"millis":0.6328,"status":"passed"},"step":{"line":8,"prefix":"And","index":2,"text":"header Content-Type = 'application\/json'"}},{"result":{"nanos":347663600,"errorMessage":"http call failed after 282 milliseconds for url: \/\/restful-booker.herokuapp.com\/auth\norg.apache.http.ProtocolException: Target host is not specified\nsrc\/test\/java\/wu.feature:9","millis":347.6636,"status":"failed"},"step":{"line":9,"prefix":"When","index":3,"text":"method POST"},"stepLog":"14:17:33.543 org.apache.http.ProtocolException: Target host is not specified, http call failed after 282 milliseconds for url: \/\/restful-booker.herokuapp.com\/auth\n14:17:33.544 src\/test\/java\/wu.feature:9\nWhen method POST\nhttp call failed after 282 milliseconds for url: \/\/restful-booker.herokuapp.com\/auth\norg.apache.http.ProtocolException: Target host is not specified\nsrc\/test\/java\/wu.feature:9\n"},{"result":{"nanos":0,"millis":0.0,"status":"skipped"},"step":{"line":10,"prefix":"Then","index":4,"text":"status 200"}},{"result":{"nanos":0,"millis":0.0,"status":"skipped"},"step":{"line":11,"prefix":"*","index":5,"text":"def token = response.token"}},{"result":{"nanos":0,"millis":0.0,"status":"skipped"},"step":{"line":12,"prefix":"*","index":6,"text":"print 'Value of the token' + token"}}],"line":5,"description":"","durationMillis":441.4979,"failed":true,"error":"http call failed after 282 milliseconds for url: \/\/restful-booker.herokuapp.com\/auth\norg.apache.http.ProtocolException: Target host is not specified\nsrc\/test\/java\/wu.feature:9","executorName":"main","name":"","startTime":1710233253085,"refId":"[1:5]","endTime":1710233253544,"exampleIndex":-1}],"callDepth":0,"name":"API Testing using Karate","description":"","resultDate":"2024-03-12 02:17:33 pm","durationMillis":441.4979,"passedCount":0}